d:\users\hantisse\source\repos\microprojet\microprojet\debug\vc141.pdb
d:\users\hantisse\source\repos\microprojet\microprojet\debug\vc141.idb
d:\users\hantisse\source\repos\microprojet\microprojet\debug\microprojet.obj
d:\users\hantisse\source\repos\microprojet\microprojet\debug\game.obj
d:\users\hantisse\source\repos\microprojet\microprojet\debug\entity.obj
d:\users\hantisse\source\repos\microprojet\microprojet\debug\maplayer.obj
d:\users\hantisse\source\repos\microprojet\microprojet\debug\microprojet.pch
d:\users\hantisse\source\repos\microprojet\microprojet\debug\pch.obj
d:\users\hantisse\source\repos\microprojet\microprojet\debug\collisionlayer.obj
d:\users\hantisse\source\repos\microprojet\microprojet\debug\player.obj
d:\users\hantisse\source\repos\microprojet\microprojet\debug\map.obj
d:\users\hantisse\source\repos\microprojet\microprojet\debug\objectlayer.obj
d:\users\hantisse\source\repos\microprojet\debug\microprojet.exe
d:\users\hantisse\source\repos\microprojet\debug\microprojet.ilk
d:\users\hantisse\source\repos\microprojet\debug\microprojet.pdb
d:\users\hantisse\source\repos\microprojet\microprojet\debug\vcpkg.applocal.log
d:\users\hantisse\source\repos\microprojet\debug\sfml-graphics-d-2.dll
d:\users\hantisse\source\repos\microprojet\debug\sfml-window-d-2.dll
d:\users\hantisse\source\repos\microprojet\debug\sfml-system-d-2.dll
d:\users\hantisse\source\repos\microprojet\debug\freetyped.dll
d:\users\hantisse\source\repos\microprojet\debug\zlibd1.dll
d:\users\hantisse\source\repos\microprojet\debug\bz2d.dll
d:\users\hantisse\source\repos\microprojet\debug\libpng16d.dll
d:\users\hantisse\source\repos\microprojet\debug\microprojet.lib
d:\users\hantisse\source\repos\microprojet\debug\microprojet.exp
d:\users\hantisse\source\repos\microprojet\microprojet\debug\game.new.obj.enc
d:\users\hantisse\source\repos\microprojet\microprojet\debug\microprojet.tlog\cl.command.1.tlog
d:\users\hantisse\source\repos\microprojet\microprojet\debug\microprojet.tlog\cl.read.1.tlog
d:\users\hantisse\source\repos\microprojet\microprojet\debug\microprojet.tlog\cl.write.1.tlog
d:\users\hantisse\source\repos\microprojet\microprojet\debug\microprojet.tlog\link.22824.delete.1.tlog
d:\users\hantisse\source\repos\microprojet\microprojet\debug\microprojet.tlog\link.command.1.tlog
d:\users\hantisse\source\repos\microprojet\microprojet\debug\microprojet.tlog\link.read.1.tlog
d:\users\hantisse\source\repos\microprojet\microprojet\debug\microprojet.tlog\link.write.1.tlog
d:\users\hantisse\source\repos\microprojet\microprojet\debug\microprojet.tlog\microprojet.write.1u.tlog
